D, [2020-08-26T16:46:55.637638 #24364] DEBUG -- : Attempt to connect to host: mqtt.eclipse.org...
D, [2020-08-26T16:46:55.950745 #24364] DEBUG -- : Connection accepted
D, [2020-08-26T16:46:55.951352 #24364] DEBUG -- : No previous session found by server, starting a new one.
I, [2020-08-26T16:46:56.110363 #24364]  INFO -- : New packet PahoMqtt::Packet::Suback received.
I, [2020-08-26T16:46:56.373391 #24364]  INFO -- : New packet PahoMqtt::Packet::Publish received.
I, [2020-08-26T16:46:58.367227 #24364]  INFO -- : New packet PahoMqtt::Packet::Publish received.
I, [2020-08-26T16:47:00.408304 #24364]  INFO -- : New packet PahoMqtt::Packet::Publish received.
I, [2020-08-26T16:47:02.381450 #24364]  INFO -- : New packet PahoMqtt::Packet::Publish received.
I, [2020-08-26T16:47:04.379272 #24364]  INFO -- : New packet PahoMqtt::Packet::Publish received.
I, [2020-08-26T16:47:06.376247 #24364]  INFO -- : New packet PahoMqtt::Packet::Publish received.
I, [2020-08-26T16:47:08.386668 #24364]  INFO -- : New packet PahoMqtt::Packet::Publish received.
I, [2020-08-26T16:47:10.388543 #24364]  INFO -- : New packet PahoMqtt::Packet::Publish received.
I, [2020-08-26T16:47:12.391569 #24364]  INFO -- : New packet PahoMqtt::Packet::Publish received.
I, [2020-08-26T16:47:14.390895 #24364]  INFO -- : New packet PahoMqtt::Packet::Publish received.
I, [2020-08-26T16:47:16.391098 #24364]  INFO -- : New packet PahoMqtt::Packet::Publish received.
I, [2020-08-26T16:47:18.397850 #24364]  INFO -- : New packet PahoMqtt::Packet::Publish received.
I, [2020-08-26T16:47:20.396910 #24364]  INFO -- : New packet PahoMqtt::Packet::Publish received.
I, [2020-08-26T16:47:22.393437 #24364]  INFO -- : New packet PahoMqtt::Packet::Publish received.
I, [2020-08-26T16:47:24.392975 #24364]  INFO -- : New packet PahoMqtt::Packet::Publish received.
I, [2020-08-26T16:47:26.397879 #24364]  INFO -- : New packet PahoMqtt::Packet::Publish received.
I, [2020-08-26T16:47:28.400619 #24364]  INFO -- : New packet PahoMqtt::Packet::Publish received.
I, [2020-08-26T16:47:30.399216 #24364]  INFO -- : New packet PahoMqtt::Packet::Publish received.
I, [2020-08-26T16:47:32.399079 #24364]  INFO -- : New packet PahoMqtt::Packet::Publish received.
I, [2020-08-26T16:47:34.405561 #24364]  INFO -- : New packet PahoMqtt::Packet::Publish received.
I, [2020-08-26T16:47:36.403848 #24364]  INFO -- : New packet PahoMqtt::Packet::Publish received.
I, [2020-08-26T16:47:36.598954 #24364]  INFO -- : New packet PahoMqtt::Packet::Publish received.
I, [2020-08-26T16:47:38.407621 #24364]  INFO -- : New packet PahoMqtt::Packet::Publish received.
I, [2020-08-26T16:47:40.420078 #24364]  INFO -- : New packet PahoMqtt::Packet::Publish received.
I, [2020-08-26T16:47:42.415077 #24364]  INFO -- : New packet PahoMqtt::Packet::Publish received.
I, [2020-08-26T16:47:44.423353 #24364]  INFO -- : New packet PahoMqtt::Packet::Publish received.
I, [2020-08-26T16:47:46.413320 #24364]  INFO -- : New packet PahoMqtt::Packet::Publish received.
I, [2020-08-26T16:47:48.417443 #24364]  INFO -- : New packet PahoMqtt::Packet::Publish received.
I, [2020-08-26T16:47:50.423843 #24364]  INFO -- : New packet PahoMqtt::Packet::Publish received.
I, [2020-08-26T16:47:52.429514 #24364]  INFO -- : New packet PahoMqtt::Packet::Publish received.
I, [2020-08-26T16:47:54.867876 #24364]  INFO -- : New packet PahoMqtt::Packet::Publish received.
I, [2020-08-26T16:47:56.503495 #24364]  INFO -- : New packet PahoMqtt::Packet::Publish received.
I, [2020-08-26T16:47:58.506159 #24364]  INFO -- : New packet PahoMqtt::Packet::Publish received.
I, [2020-08-26T16:48:00.503326 #24364]  INFO -- : New packet PahoMqtt::Packet::Publish received.
I, [2020-08-26T16:48:02.511186 #24364]  INFO -- : New packet PahoMqtt::Packet::Publish received.
I, [2020-08-26T16:48:04.506121 #24364]  INFO -- : New packet PahoMqtt::Packet::Publish received.
D, [2020-08-26T16:56:08.473773 #24503] DEBUG -- : Attempt to connect to host: mqtt.eclipse.org...
D, [2020-08-26T16:56:08.792385 #24503] DEBUG -- : Connection accepted
D, [2020-08-26T16:56:08.792558 #24503] DEBUG -- : No previous session found by server, starting a new one.
I, [2020-08-26T16:56:08.950186 #24503]  INFO -- : New packet PahoMqtt::Packet::Suback received.
I, [2020-08-26T16:56:09.251116 #24503]  INFO -- : New packet PahoMqtt::Packet::Publish received.
I, [2020-08-26T16:56:11.250404 #24503]  INFO -- : New packet PahoMqtt::Packet::Publish received.
I, [2020-08-26T16:56:13.253517 #24503]  INFO -- : New packet PahoMqtt::Packet::Publish received.
I, [2020-08-26T16:56:15.271553 #24503]  INFO -- : New packet PahoMqtt::Packet::Publish received.
I, [2020-08-26T16:56:17.255416 #24503]  INFO -- : New packet PahoMqtt::Packet::Publish received.
I, [2020-08-26T16:56:19.269490 #24503]  INFO -- : New packet PahoMqtt::Packet::Publish received.
I, [2020-08-26T16:56:21.264806 #24503]  INFO -- : New packet PahoMqtt::Packet::Publish received.
I, [2020-08-26T16:56:23.261308 #24503]  INFO -- : New packet PahoMqtt::Packet::Publish received.
I, [2020-08-26T16:56:25.267541 #24503]  INFO -- : New packet PahoMqtt::Packet::Publish received.
I, [2020-08-26T16:56:27.274574 #24503]  INFO -- : New packet PahoMqtt::Packet::Publish received.
I, [2020-08-26T16:56:29.280051 #24503]  INFO -- : New packet PahoMqtt::Packet::Publish received.
I, [2020-08-26T16:56:31.270246 #24503]  INFO -- : New packet PahoMqtt::Packet::Publish received.
I, [2020-08-26T16:56:33.276459 #24503]  INFO -- : New packet PahoMqtt::Packet::Publish received.
I, [2020-08-26T16:56:35.343924 #24503]  INFO -- : New packet PahoMqtt::Packet::Publish received.
I, [2020-08-26T16:56:37.284334 #24503]  INFO -- : New packet PahoMqtt::Packet::Publish received.
I, [2020-08-26T16:56:39.287197 #24503]  INFO -- : New packet PahoMqtt::Packet::Publish received.
I, [2020-08-26T16:56:41.281467 #24503]  INFO -- : New packet PahoMqtt::Packet::Publish received.
I, [2020-08-26T16:56:43.290784 #24503]  INFO -- : New packet PahoMqtt::Packet::Publish received.
I, [2020-08-26T16:56:45.288963 #24503]  INFO -- : New packet PahoMqtt::Packet::Publish received.
I, [2020-08-26T16:56:47.285127 #24503]  INFO -- : New packet PahoMqtt::Packet::Publish received.
I, [2020-08-26T16:56:49.300314 #24503]  INFO -- : New packet PahoMqtt::Packet::Publish received.
I, [2020-08-26T16:56:51.298443 #24503]  INFO -- : New packet PahoMqtt::Packet::Publish received.
I, [2020-08-26T16:56:53.293242 #24503]  INFO -- : New packet PahoMqtt::Packet::Publish received.
I, [2020-08-26T16:56:55.303152 #24503]  INFO -- : New packet PahoMqtt::Packet::Publish received.
I, [2020-08-26T16:56:57.301607 #24503]  INFO -- : New packet PahoMqtt::Packet::Publish received.
I, [2020-08-26T16:56:59.301163 #24503]  INFO -- : New packet PahoMqtt::Packet::Publish received.
I, [2020-08-26T16:57:01.305471 #24503]  INFO -- : New packet PahoMqtt::Packet::Publish received.
I, [2020-08-26T16:57:03.301358 #24503]  INFO -- : New packet PahoMqtt::Packet::Publish received.
I, [2020-08-26T16:57:05.304447 #24503]  INFO -- : New packet PahoMqtt::Packet::Publish received.
I, [2020-08-26T16:57:07.313482 #24503]  INFO -- : New packet PahoMqtt::Packet::Publish received.
I, [2020-08-26T16:57:09.306762 #24503]  INFO -- : New packet PahoMqtt::Packet::Publish received.
I, [2020-08-26T16:57:11.310057 #24503]  INFO -- : New packet PahoMqtt::Packet::Publish received.
I, [2020-08-26T16:57:13.318591 #24503]  INFO -- : New packet PahoMqtt::Packet::Publish received.
I, [2020-08-26T16:57:15.317945 #24503]  INFO -- : New packet PahoMqtt::Packet::Publish received.
I, [2020-08-26T16:57:17.322049 #24503]  INFO -- : New packet PahoMqtt::Packet::Publish received.
I, [2020-08-26T16:57:19.324660 #24503]  INFO -- : New packet PahoMqtt::Packet::Publish received.
I, [2020-08-26T16:57:21.317875 #24503]  INFO -- : New packet PahoMqtt::Packet::Publish received.
I, [2020-08-26T16:57:23.326324 #24503]  INFO -- : New packet PahoMqtt::Packet::Publish received.
I, [2020-08-26T16:57:25.328976 #24503]  INFO -- : New packet PahoMqtt::Packet::Publish received.
I, [2020-08-26T16:57:27.340432 #24503]  INFO -- : New packet PahoMqtt::Packet::Publish received.
I, [2020-08-26T16:57:29.332737 #24503]  INFO -- : New packet PahoMqtt::Packet::Publish received.
I, [2020-08-26T16:57:31.328007 #24503]  INFO -- : New packet PahoMqtt::Packet::Publish received.
I, [2020-08-26T16:57:33.329985 #24503]  INFO -- : New packet PahoMqtt::Packet::Publish received.
I, [2020-08-26T16:57:35.335613 #24503]  INFO -- : New packet PahoMqtt::Packet::Publish received.
I, [2020-08-26T16:57:37.341548 #24503]  INFO -- : New packet PahoMqtt::Packet::Publish received.
I, [2020-08-26T16:57:39.335207 #24503]  INFO -- : New packet PahoMqtt::Packet::Publish received.
D, [2020-10-23T15:20:20.022084 #6082] DEBUG -- : Attempt to connect to host: mqtt.eclipse.org...
D, [2020-10-23T15:20:21.052536 #6082] DEBUG -- : Connection accepted
D, [2020-10-23T15:20:21.053364 #6082] DEBUG -- : No previous session found by server, starting a new one.
D, [2020-10-23T15:20:21.071124 #6082] DEBUG -- : Disconnecting from mqtt.eclipse.org.
D, [2020-10-23T15:20:21.072075 #6082] DEBUG -- : New reconnect attempt...
D, [2020-10-23T15:20:21.072485 #6082] DEBUG -- : Attempt to connect to host: mqtt.eclipse.org...
D, [2020-10-23T15:20:21.418407 #6082] DEBUG -- : Connection accepted
D, [2020-10-23T15:20:21.418800 #6082] DEBUG -- : No previous session found by server, starting a new one.
W, [2020-10-23T15:20:26.251005 #6082]  WARN -- : Connection failed. Couldn't recieve a Connack packet from: mqtt.eclipse.org.
D, [2020-10-23T15:20:31.251969 #6082] DEBUG -- : New reconnect attempt...
D, [2020-10-23T15:20:31.252687 #6082] DEBUG -- : Attempt to connect to host: mqtt.eclipse.org...
D, [2020-10-23T15:20:31.577531 #6082] DEBUG -- : Connection accepted
D, [2020-10-23T15:20:31.578003 #6082] DEBUG -- : No previous session found by server, starting a new one.
D, [2020-10-23T16:00:35.414858 #6182] DEBUG -- : Attempt to connect to host: broker.hivemq.com...
D, [2020-10-23T16:00:37.106591 #6182] DEBUG -- : Connection accepted
D, [2020-10-23T16:00:37.107052 #6182] DEBUG -- : No previous session found by server, starting a new one.
I, [2020-10-23T16:00:37.297579 #6182]  INFO -- : New packet PahoMqtt::Packet::Suback received.
D, [2020-10-23T16:05:55.146727 #6196] DEBUG -- : Attempt to connect to host: broker.hivemq.com...
D, [2020-10-23T16:05:55.589759 #6196] DEBUG -- : Connection accepted
D, [2020-10-23T16:05:55.590180 #6196] DEBUG -- : No previous session found by server, starting a new one.
I, [2020-10-23T16:05:55.768549 #6196]  INFO -- : New packet PahoMqtt::Packet::Suback received.
I, [2020-10-23T16:06:03.867999 #6196]  INFO -- : New packet PahoMqtt::Packet::Publish received.
I, [2020-10-23T16:06:22.376753 #6196]  INFO -- : New packet PahoMqtt::Packet::Publish received.
I, [2020-10-23T16:06:30.949201 #6196]  INFO -- : New packet PahoMqtt::Packet::Publish received.
I, [2020-10-23T16:06:41.343968 #6196]  INFO -- : New packet PahoMqtt::Packet::Publish received.
D, [2020-10-23T16:07:44.341936 #6203] DEBUG -- : Attempt to connect to host: broker.hivemq.com...
D, [2020-10-23T16:07:44.760627 #6203] DEBUG -- : Connection accepted
D, [2020-10-23T16:07:44.761114 #6203] DEBUG -- : No previous session found by server, starting a new one.
I, [2020-10-23T16:07:44.946954 #6203]  INFO -- : New packet PahoMqtt::Packet::Suback received.
I, [2020-10-23T16:07:50.428841 #6203]  INFO -- : New packet PahoMqtt::Packet::Publish received.
D, [2020-10-23T16:08:28.446252 #6205] DEBUG -- : Attempt to connect to host: broker.hivemq.com...
D, [2020-10-23T16:08:28.814080 #6205] DEBUG -- : Connection accepted
D, [2020-10-23T16:08:28.814473 #6205] DEBUG -- : No previous session found by server, starting a new one.
I, [2020-10-23T16:08:29.000024 #6205]  INFO -- : New packet PahoMqtt::Packet::Suback received.
I, [2020-10-23T16:08:40.721621 #6205]  INFO -- : New packet PahoMqtt::Packet::Publish received.
I, [2020-10-23T16:08:48.244195 #6205]  INFO -- : New packet PahoMqtt::Packet::Publish received.
D, [2020-10-23T16:12:46.711482 #6216] DEBUG -- : Attempt to connect to host: broker.hivemq.com...
D, [2020-10-23T16:12:47.153001 #6216] DEBUG -- : Connection accepted
D, [2020-10-23T16:12:47.153422 #6216] DEBUG -- : No previous session found by server, starting a new one.
I, [2020-10-23T16:12:47.347363 #6216]  INFO -- : New packet PahoMqtt::Packet::Suback received.
I, [2020-10-23T16:12:50.758547 #6216]  INFO -- : New packet PahoMqtt::Packet::Publish received.
D, [2020-10-23T16:13:03.271074 #6218] DEBUG -- : Attempt to connect to host: broker.hivemq.com...
D, [2020-10-23T16:13:03.663790 #6218] DEBUG -- : Connection accepted
D, [2020-10-23T16:13:03.664117 #6218] DEBUG -- : No previous session found by server, starting a new one.
D, [2020-10-23T16:13:27.526838 #6219] DEBUG -- : Attempt to connect to host: broker.hivemq.com...
D, [2020-10-23T16:13:27.902581 #6219] DEBUG -- : Connection accepted
D, [2020-10-23T16:13:27.902912 #6219] DEBUG -- : No previous session found by server, starting a new one.
I, [2020-10-23T16:13:28.089385 #6219]  INFO -- : New packet PahoMqtt::Packet::Suback received.
I, [2020-10-23T16:13:31.582096 #6219]  INFO -- : New packet PahoMqtt::Packet::Publish received.
D, [2020-10-23T16:16:37.407452 #6230] DEBUG -- : Attempt to connect to host: broker.hivemq.com...
D, [2020-10-23T16:16:38.898046 #6230] DEBUG -- : Connection accepted
D, [2020-10-23T16:16:38.898504 #6230] DEBUG -- : No previous session found by server, starting a new one.
I, [2020-10-23T16:16:39.083725 #6230]  INFO -- : New packet PahoMqtt::Packet::Suback received.
I, [2020-10-23T16:16:42.597609 #6230]  INFO -- : New packet PahoMqtt::Packet::Publish received.
I, [2020-10-23T16:16:47.076184 #6230]  INFO -- : New packet PahoMqtt::Packet::Publish received.
I, [2020-10-23T16:17:12.999765 #6230]  INFO -- : New packet PahoMqtt::Packet::Publish received.
I, [2020-10-23T16:17:51.147532 #6230]  INFO -- : New packet PahoMqtt::Packet::Publish received.
I, [2020-10-23T16:17:55.315087 #6230]  INFO -- : New packet PahoMqtt::Packet::Publish received.
I, [2020-10-23T16:17:59.961061 #6230]  INFO -- : New packet PahoMqtt::Packet::Publish received.
D, [2020-10-23T16:58:07.984461 #6333] DEBUG -- : Attempt to connect to host: broker.hivemq.com...
D, [2020-10-23T16:58:08.556566 #6333] DEBUG -- : Connection accepted
D, [2020-10-23T16:58:08.556974 #6333] DEBUG -- : No previous session found by server, starting a new one.
I, [2020-10-23T16:58:08.740862 #6333]  INFO -- : New packet PahoMqtt::Packet::Suback received.
I, [2020-10-23T16:58:12.820022 #6333]  INFO -- : New packet PahoMqtt::Packet::Publish received.
I, [2020-10-23T16:58:19.182405 #6333]  INFO -- : New packet PahoMqtt::Packet::Publish received.
D, [2020-10-23T16:58:50.558308 #6333] DEBUG -- : Checking if server is still alive...
I, [2020-10-23T16:58:50.742424 #6333]  INFO -- : New packet PahoMqtt::Packet::Pingresp received.
D, [2020-10-23T16:59:32.559445 #6333] DEBUG -- : Checking if server is still alive...
I, [2020-10-23T16:59:32.739336 #6333]  INFO -- : New packet PahoMqtt::Packet::Pingresp received.
D, [2020-10-23T17:02:44.895332 #6349] DEBUG -- : Attempt to connect to host: broker.hivemq.com...
D, [2020-10-23T17:02:45.339850 #6349] DEBUG -- : Connection accepted
D, [2020-10-23T17:02:45.340377 #6349] DEBUG -- : No previous session found by server, starting a new one.
I, [2020-10-23T17:02:45.530206 #6349]  INFO -- : New packet PahoMqtt::Packet::Suback received.
D, [2020-10-23T17:03:27.341969 #6349] DEBUG -- : Checking if server is still alive...
I, [2020-10-23T17:03:27.528968 #6349]  INFO -- : New packet PahoMqtt::Packet::Pingresp received.
I, [2020-10-23T17:03:46.805985 #6349]  INFO -- : New packet PahoMqtt::Packet::Publish received.
I, [2020-10-23T17:04:05.870335 #6349]  INFO -- : New packet PahoMqtt::Packet::Publish received.
D, [2020-10-23T17:04:09.346648 #6349] DEBUG -- : Checking if server is still alive...
I, [2020-10-23T17:04:09.534729 #6349]  INFO -- : New packet PahoMqtt::Packet::Pingresp received.
D, [2020-10-23T17:04:51.353401 #6349] DEBUG -- : Checking if server is still alive...
I, [2020-10-23T17:04:51.539419 #6349]  INFO -- : New packet PahoMqtt::Packet::Pingresp received.
D, [2020-10-23T17:05:33.357538 #6349] DEBUG -- : Checking if server is still alive...
I, [2020-10-23T17:05:33.548020 #6349]  INFO -- : New packet PahoMqtt::Packet::Pingresp received.
I, [2020-10-23T17:05:46.514203 #6349]  INFO -- : New packet PahoMqtt::Packet::Publish received.
I, [2020-10-23T17:05:49.942666 #6349]  INFO -- : New packet PahoMqtt::Packet::Publish received.
I, [2020-10-23T17:05:53.371562 #6349]  INFO -- : New packet PahoMqtt::Packet::Publish received.
D, [2020-10-23T17:06:15.358780 #6349] DEBUG -- : Checking if server is still alive...
I, [2020-10-23T17:06:15.545200 #6349]  INFO -- : New packet PahoMqtt::Packet::Pingresp received.
D, [2020-10-23T17:06:57.363884 #6349] DEBUG -- : Checking if server is still alive...
I, [2020-10-23T17:06:57.550792 #6349]  INFO -- : New packet PahoMqtt::Packet::Pingresp received.
D, [2020-10-23T17:07:39.365574 #6349] DEBUG -- : Checking if server is still alive...
I, [2020-10-23T17:07:39.552201 #6349]  INFO -- : New packet PahoMqtt::Packet::Pingresp received.
D, [2020-10-23T17:08:21.366482 #6349] DEBUG -- : Checking if server is still alive...
I, [2020-10-23T17:08:21.554010 #6349]  INFO -- : New packet PahoMqtt::Packet::Pingresp received.
D, [2020-10-23T17:09:03.371136 #6349] DEBUG -- : Checking if server is still alive...
I, [2020-10-23T17:09:03.603337 #6349]  INFO -- : New packet PahoMqtt::Packet::Pingresp received.
I, [2020-10-23T17:09:07.195987 #6349]  INFO -- : New packet PahoMqtt::Packet::Publish received.
D, [2020-10-23T17:09:45.375297 #6349] DEBUG -- : Checking if server is still alive...
I, [2020-10-23T17:09:45.560230 #6349]  INFO -- : New packet PahoMqtt::Packet::Pingresp received.
D, [2020-10-23T17:10:27.379319 #6349] DEBUG -- : Checking if server is still alive...
I, [2020-10-23T17:10:27.587379 #6349]  INFO -- : New packet PahoMqtt::Packet::Pingresp received.
D, [2020-10-23T17:11:09.381391 #6349] DEBUG -- : Checking if server is still alive...
D, [2020-10-23T17:12:31.721781 #6375] DEBUG -- : Attempt to connect to host: broker.hivemq.com...
D, [2020-10-23T17:12:33.277550 #6375] DEBUG -- : Connection accepted
D, [2020-10-23T17:12:33.278033 #6375] DEBUG -- : No previous session found by server, starting a new one.
I, [2020-10-23T17:12:33.452848 #6375]  INFO -- : New packet PahoMqtt::Packet::Suback received.
D, [2020-10-23T17:13:15.279844 #6375] DEBUG -- : Checking if server is still alive...
I, [2020-10-23T17:13:15.455862 #6375]  INFO -- : New packet PahoMqtt::Packet::Pingresp received.
D, [2020-10-23T17:13:57.282760 #6375] DEBUG -- : Checking if server is still alive...
I, [2020-10-23T17:13:57.462032 #6375]  INFO -- : New packet PahoMqtt::Packet::Pingresp received.
D, [2020-10-23T17:14:39.286964 #6375] DEBUG -- : Checking if server is still alive...
I, [2020-10-23T17:14:39.462550 #6375]  INFO -- : New packet PahoMqtt::Packet::Pingresp received.
I, [2020-10-23T17:15:03.234649 #6375]  INFO -- : New packet PahoMqtt::Packet::Publish received.
D, [2020-10-23T17:15:21.288152 #6375] DEBUG -- : Checking if server is still alive...
I, [2020-10-23T17:15:21.461254 #6375]  INFO -- : New packet PahoMqtt::Packet::Pingresp received.
D, [2020-10-23T17:16:03.293285 #6375] DEBUG -- : Checking if server is still alive...
I, [2020-10-23T17:16:03.468933 #6375]  INFO -- : New packet PahoMqtt::Packet::Pingresp received.
D, [2020-10-23T17:16:45.294271 #6375] DEBUG -- : Checking if server is still alive...
I, [2020-10-23T17:16:45.468778 #6375]  INFO -- : New packet PahoMqtt::Packet::Pingresp received.
D, [2020-10-23T17:17:27.298003 #6375] DEBUG -- : Checking if server is still alive...
I, [2020-10-23T17:17:27.472558 #6375]  INFO -- : New packet PahoMqtt::Packet::Pingresp received.
D, [2020-10-23T17:18:09.300933 #6375] DEBUG -- : Checking if server is still alive...
I, [2020-10-23T17:18:09.474137 #6375]  INFO -- : New packet PahoMqtt::Packet::Pingresp received.
D, [2020-10-23T17:18:51.301993 #6375] DEBUG -- : Checking if server is still alive...
I, [2020-10-23T17:18:51.474962 #6375]  INFO -- : New packet PahoMqtt::Packet::Pingresp received.
D, [2020-10-23T17:19:33.308640 #6375] DEBUG -- : Checking if server is still alive...
I, [2020-10-23T17:19:33.484990 #6375]  INFO -- : New packet PahoMqtt::Packet::Pingresp received.
D, [2020-10-23T17:20:15.312385 #6375] DEBUG -- : Checking if server is still alive...
I, [2020-10-23T17:20:15.485094 #6375]  INFO -- : New packet PahoMqtt::Packet::Pingresp received.
D, [2020-10-23T17:20:57.314016 #6375] DEBUG -- : Checking if server is still alive...
I, [2020-10-23T17:20:57.487177 #6375]  INFO -- : New packet PahoMqtt::Packet::Pingresp received.
D, [2020-10-23T17:21:39.319688 #6375] DEBUG -- : Checking if server is still alive...
I, [2020-10-23T17:21:39.495489 #6375]  INFO -- : New packet PahoMqtt::Packet::Pingresp received.
D, [2020-10-23T17:22:21.320900 #6375] DEBUG -- : Checking if server is still alive...
I, [2020-10-23T17:22:21.493601 #6375]  INFO -- : New packet PahoMqtt::Packet::Pingresp received.
D, [2020-10-23T17:23:03.325363 #6375] DEBUG -- : Checking if server is still alive...
I, [2020-10-23T17:23:03.498536 #6375]  INFO -- : New packet PahoMqtt::Packet::Pingresp received.
D, [2020-10-23T17:23:45.330937 #6375] DEBUG -- : Checking if server is still alive...
D, [2020-10-23T17:44:12.568730 #6457] DEBUG -- : Attempt to connect to host: broker.hivemq.com...
D, [2020-10-23T17:44:14.166785 #6457] DEBUG -- : Connection accepted
D, [2020-10-23T17:44:14.167122 #6457] DEBUG -- : No previous session found by server, starting a new one.
I, [2020-10-23T17:44:14.394646 #6457]  INFO -- : New packet PahoMqtt::Packet::Suback received.
D, [2020-10-23T17:44:56.169550 #6457] DEBUG -- : Checking if server is still alive...
I, [2020-10-23T17:44:56.347940 #6457]  INFO -- : New packet PahoMqtt::Packet::Pingresp received.
I, [2020-10-23T17:45:01.501739 #6457]  INFO -- : New packet PahoMqtt::Packet::Publish received.
I, [2020-10-23T17:45:24.261923 #6457]  INFO -- : New packet PahoMqtt::Packet::Publish received.
D, [2020-10-23T17:45:38.170500 #6457] DEBUG -- : Checking if server is still alive...
I, [2020-10-23T17:45:38.349613 #6457]  INFO -- : New packet PahoMqtt::Packet::Pingresp received.
D, [2020-10-23T17:46:20.175148 #6457] DEBUG -- : Checking if server is still alive...
I, [2020-10-23T17:46:20.352793 #6457]  INFO -- : New packet PahoMqtt::Packet::Pingresp received.
D, [2020-10-23T17:47:02.179329 #6457] DEBUG -- : Checking if server is still alive...
I, [2020-10-23T17:47:02.355665 #6457]  INFO -- : New packet PahoMqtt::Packet::Pingresp received.
D, [2020-10-23T17:47:44.184072 #6457] DEBUG -- : Checking if server is still alive...
I, [2020-10-23T17:47:44.361170 #6457]  INFO -- : New packet PahoMqtt::Packet::Pingresp received.
D, [2020-10-23T17:48:26.188284 #6457] DEBUG -- : Checking if server is still alive...
I, [2020-10-23T17:48:26.366026 #6457]  INFO -- : New packet PahoMqtt::Packet::Pingresp received.
D, [2020-10-23T17:49:08.189958 #6457] DEBUG -- : Checking if server is still alive...
I, [2020-10-23T17:49:08.368999 #6457]  INFO -- : New packet PahoMqtt::Packet::Pingresp received.
D, [2020-10-23T17:49:50.195437 #6457] DEBUG -- : Checking if server is still alive...
I, [2020-10-23T17:49:50.372470 #6457]  INFO -- : New packet PahoMqtt::Packet::Pingresp received.
D, [2020-10-23T17:50:32.196770 #6457] DEBUG -- : Checking if server is still alive...
I, [2020-10-23T17:50:32.374230 #6457]  INFO -- : New packet PahoMqtt::Packet::Pingresp received.
D, [2020-10-23T17:51:14.202064 #6457] DEBUG -- : Checking if server is still alive...
I, [2020-10-23T17:51:14.379081 #6457]  INFO -- : New packet PahoMqtt::Packet::Pingresp received.
D, [2020-10-23T17:51:56.203825 #6457] DEBUG -- : Checking if server is still alive...
I, [2020-10-23T17:51:56.381111 #6457]  INFO -- : New packet PahoMqtt::Packet::Pingresp received.
D, [2020-10-23T17:52:38.208388 #6457] DEBUG -- : Checking if server is still alive...
I, [2020-10-23T17:52:38.388428 #6457]  INFO -- : New packet PahoMqtt::Packet::Pingresp received.
D, [2020-10-23T17:53:20.214396 #6457] DEBUG -- : Checking if server is still alive...
I, [2020-10-23T17:53:20.392337 #6457]  INFO -- : New packet PahoMqtt::Packet::Pingresp received.
D, [2020-10-23T17:54:02.217177 #6457] DEBUG -- : Checking if server is still alive...
I, [2020-10-23T17:54:02.396678 #6457]  INFO -- : New packet PahoMqtt::Packet::Pingresp received.
D, [2020-10-23T17:54:44.220198 #6457] DEBUG -- : Checking if server is still alive...
I, [2020-10-23T17:54:44.397923 #6457]  INFO -- : New packet PahoMqtt::Packet::Pingresp received.
D, [2020-10-23T17:55:26.227036 #6457] DEBUG -- : Checking if server is still alive...
I, [2020-10-23T17:55:26.407341 #6457]  INFO -- : New packet PahoMqtt::Packet::Pingresp received.
D, [2020-10-23T17:56:08.233242 #6457] DEBUG -- : Checking if server is still alive...
I, [2020-10-23T17:56:08.411418 #6457]  INFO -- : New packet PahoMqtt::Packet::Pingresp received.
D, [2020-10-23T17:56:50.236027 #6457] DEBUG -- : Checking if server is still alive...
I, [2020-10-23T17:56:50.413910 #6457]  INFO -- : New packet PahoMqtt::Packet::Pingresp received.
D, [2020-10-23T17:57:32.241696 #6457] DEBUG -- : Checking if server is still alive...
I, [2020-10-23T17:57:32.417709 #6457]  INFO -- : New packet PahoMqtt::Packet::Pingresp received.
D, [2020-10-23T17:58:14.246349 #6457] DEBUG -- : Checking if server is still alive...
I, [2020-10-23T17:58:14.423305 #6457]  INFO -- : New packet PahoMqtt::Packet::Pingresp received.
D, [2020-10-23T17:58:56.248746 #6457] DEBUG -- : Checking if server is still alive...
I, [2020-10-23T17:58:56.425278 #6457]  INFO -- : New packet PahoMqtt::Packet::Pingresp received.
D, [2020-10-23T17:59:38.253148 #6457] DEBUG -- : Checking if server is still alive...
I, [2020-10-23T17:59:38.429598 #6457]  INFO -- : New packet PahoMqtt::Packet::Pingresp received.
I, [2020-10-23T18:00:02.958987 #6457]  INFO -- : New packet PahoMqtt::Packet::Publish received.
D, [2020-10-23T18:00:20.258149 #6457] DEBUG -- : Checking if server is still alive...
I, [2020-10-23T18:00:20.434315 #6457]  INFO -- : New packet PahoMqtt::Packet::Pingresp received.
D, [2020-10-23T18:01:02.259366 #6457] DEBUG -- : Checking if server is still alive...
I, [2020-10-23T18:01:02.436423 #6457]  INFO -- : New packet PahoMqtt::Packet::Pingresp received.
D, [2020-10-23T18:01:44.261083 #6457] DEBUG -- : Checking if server is still alive...
I, [2020-10-23T18:01:44.437567 #6457]  INFO -- : New packet PahoMqtt::Packet::Pingresp received.
D, [2020-10-23T18:02:26.264103 #6457] DEBUG -- : Checking if server is still alive...
I, [2020-10-23T18:02:26.443021 #6457]  INFO -- : New packet PahoMqtt::Packet::Pingresp received.
D, [2020-10-23T18:03:08.270565 #6457] DEBUG -- : Checking if server is still alive...
I, [2020-10-23T18:03:08.449948 #6457]  INFO -- : New packet PahoMqtt::Packet::Pingresp received.
D, [2020-10-23T18:03:50.271408 #6457] DEBUG -- : Checking if server is still alive...
D, [2020-10-23T19:12:18.114064 #6676] DEBUG -- : Attempt to connect to host: broker.hivemq.com...
D, [2020-10-23T19:12:19.829092 #6676] DEBUG -- : Connection accepted
D, [2020-10-23T19:12:19.829611 #6676] DEBUG -- : No previous session found by server, starting a new one.
I, [2020-10-23T19:12:20.013484 #6676]  INFO -- : New packet PahoMqtt::Packet::Suback received.
D, [2020-10-23T19:13:01.833352 #6676] DEBUG -- : Checking if server is still alive...
I, [2020-10-23T19:13:02.013570 #6676]  INFO -- : New packet PahoMqtt::Packet::Pingresp received.
D, [2020-10-23T19:13:43.835850 #6676] DEBUG -- : Checking if server is still alive...
I, [2020-10-23T19:13:44.018832 #6676]  INFO -- : New packet PahoMqtt::Packet::Pingresp received.
D, [2020-10-23T19:14:25.839586 #6676] DEBUG -- : Checking if server is still alive...
I, [2020-10-23T19:14:26.020064 #6676]  INFO -- : New packet PahoMqtt::Packet::Pingresp received.
I, [2020-10-23T19:15:00.805476 #6676]  INFO -- : New packet PahoMqtt::Packet::Publish received.
D, [2020-10-23T19:15:07.846165 #6676] DEBUG -- : Checking if server is still alive...
I, [2020-10-23T19:15:08.030178 #6676]  INFO -- : New packet PahoMqtt::Packet::Pingresp received.
D, [2020-10-23T19:15:49.847858 #6676] DEBUG -- : Checking if server is still alive...
I, [2020-10-23T19:15:50.030366 #6676]  INFO -- : New packet PahoMqtt::Packet::Pingresp received.
D, [2020-10-23T19:16:31.858449 #6676] DEBUG -- : Checking if server is still alive...
I, [2020-10-23T19:16:32.039024 #6676]  INFO -- : New packet PahoMqtt::Packet::Pingresp received.
D, [2020-10-23T19:17:13.860163 #6676] DEBUG -- : Checking if server is still alive...
I, [2020-10-23T19:17:14.042345 #6676]  INFO -- : New packet PahoMqtt::Packet::Pingresp received.
D, [2020-10-23T19:17:55.864760 #6676] DEBUG -- : Checking if server is still alive...
I, [2020-10-23T19:17:56.047652 #6676]  INFO -- : New packet PahoMqtt::Packet::Pingresp received.
D, [2020-10-23T19:18:37.865495 #6676] DEBUG -- : Checking if server is still alive...
I, [2020-10-23T19:18:38.047362 #6676]  INFO -- : New packet PahoMqtt::Packet::Pingresp received.
D, [2020-10-23T19:19:19.869063 #6676] DEBUG -- : Checking if server is still alive...
I, [2020-10-23T19:19:20.052122 #6676]  INFO -- : New packet PahoMqtt::Packet::Pingresp received.
D, [2020-10-23T19:20:01.870848 #6676] DEBUG -- : Checking if server is still alive...
I, [2020-10-23T19:20:02.054525 #6676]  INFO -- : New packet PahoMqtt::Packet::Pingresp received.
D, [2020-10-23T19:20:43.876205 #6676] DEBUG -- : Checking if server is still alive...
I, [2020-10-23T19:20:44.058849 #6676]  INFO -- : New packet PahoMqtt::Packet::Pingresp received.
D, [2020-10-23T19:21:25.877342 #6676] DEBUG -- : Checking if server is still alive...
I, [2020-10-23T19:21:26.060491 #6676]  INFO -- : New packet PahoMqtt::Packet::Pingresp received.
D, [2020-10-23T19:22:07.886227 #6676] DEBUG -- : Checking if server is still alive...
I, [2020-10-23T19:22:08.069443 #6676]  INFO -- : New packet PahoMqtt::Packet::Pingresp received.
D, [2020-10-23T19:22:49.891381 #6676] DEBUG -- : Checking if server is still alive...
I, [2020-10-23T19:22:50.075702 #6676]  INFO -- : New packet PahoMqtt::Packet::Pingresp received.
D, [2020-10-23T19:23:31.894204 #6676] DEBUG -- : Checking if server is still alive...
I, [2020-10-23T19:23:32.075513 #6676]  INFO -- : New packet PahoMqtt::Packet::Pingresp received.
D, [2020-10-23T19:24:13.903918 #6676] DEBUG -- : Checking if server is still alive...
I, [2020-10-23T19:24:14.084582 #6676]  INFO -- : New packet PahoMqtt::Packet::Pingresp received.
D, [2020-10-23T19:24:55.906033 #6676] DEBUG -- : Checking if server is still alive...
I, [2020-10-23T19:24:56.088939 #6676]  INFO -- : New packet PahoMqtt::Packet::Pingresp received.
D, [2020-10-23T19:25:37.906942 #6676] DEBUG -- : Checking if server is still alive...
I, [2020-10-23T19:25:38.086975 #6676]  INFO -- : New packet PahoMqtt::Packet::Pingresp received.
D, [2020-10-23T19:26:19.910969 #6676] DEBUG -- : Checking if server is still alive...
I, [2020-10-23T19:26:20.092491 #6676]  INFO -- : New packet PahoMqtt::Packet::Pingresp received.
D, [2020-10-23T19:27:01.912217 #6676] DEBUG -- : Checking if server is still alive...
I, [2020-10-23T19:27:02.093763 #6676]  INFO -- : New packet PahoMqtt::Packet::Pingresp received.
D, [2020-10-23T19:27:43.913624 #6676] DEBUG -- : Checking if server is still alive...
I, [2020-10-23T19:27:44.095441 #6676]  INFO -- : New packet PahoMqtt::Packet::Pingresp received.
D, [2020-10-23T19:28:25.918531 #6676] DEBUG -- : Checking if server is still alive...
I, [2020-10-23T19:28:26.102577 #6676]  INFO -- : New packet PahoMqtt::Packet::Pingresp received.
D, [2020-10-23T19:29:07.919644 #6676] DEBUG -- : Checking if server is still alive...
I, [2020-10-23T19:29:08.102271 #6676]  INFO -- : New packet PahoMqtt::Packet::Pingresp received.
D, [2020-10-23T19:29:49.924986 #6676] DEBUG -- : Checking if server is still alive...
I, [2020-10-23T19:29:50.107289 #6676]  INFO -- : New packet PahoMqtt::Packet::Pingresp received.
I, [2020-10-23T19:30:02.398918 #6676]  INFO -- : New packet PahoMqtt::Packet::Publish received.
D, [2020-10-23T19:30:31.935582 #6676] DEBUG -- : Checking if server is still alive...
I, [2020-10-23T19:30:32.115917 #6676]  INFO -- : New packet PahoMqtt::Packet::Pingresp received.
D, [2020-10-23T19:31:13.938134 #6676] DEBUG -- : Checking if server is still alive...
I, [2020-10-23T19:31:14.122699 #6676]  INFO -- : New packet PahoMqtt::Packet::Pingresp received.
D, [2020-10-23T19:31:55.938879 #6676] DEBUG -- : Checking if server is still alive...
I, [2020-10-23T19:31:56.119090 #6676]  INFO -- : New packet PahoMqtt::Packet::Pingresp received.
D, [2020-10-23T19:32:37.942593 #6676] DEBUG -- : Checking if server is still alive...
I, [2020-10-23T19:32:38.125221 #6676]  INFO -- : New packet PahoMqtt::Packet::Pingresp received.
D, [2020-10-23T19:33:19.944555 #6676] DEBUG -- : Checking if server is still alive...
I, [2020-10-23T19:33:20.125512 #6676]  INFO -- : New packet PahoMqtt::Packet::Pingresp received.
D, [2020-10-23T19:34:01.947401 #6676] DEBUG -- : Checking if server is still alive...
I, [2020-10-23T19:34:02.139351 #6676]  INFO -- : New packet PahoMqtt::Packet::Pingresp received.
D, [2020-10-23T19:34:43.949144 #6676] DEBUG -- : Checking if server is still alive...
I, [2020-10-23T19:34:44.132202 #6676]  INFO -- : New packet PahoMqtt::Packet::Pingresp received.
D, [2020-10-23T19:35:25.951926 #6676] DEBUG -- : Checking if server is still alive...
I, [2020-10-23T19:35:26.133549 #6676]  INFO -- : New packet PahoMqtt::Packet::Pingresp received.
D, [2020-10-23T19:36:07.954801 #6676] DEBUG -- : Checking if server is still alive...
I, [2020-10-23T19:36:08.135422 #6676]  INFO -- : New packet PahoMqtt::Packet::Pingresp received.
D, [2020-10-23T19:36:49.960267 #6676] DEBUG -- : Checking if server is still alive...
I, [2020-10-23T19:36:50.142023 #6676]  INFO -- : New packet PahoMqtt::Packet::Pingresp received.
D, [2020-10-23T19:37:31.966288 #6676] DEBUG -- : Checking if server is still alive...
I, [2020-10-23T19:37:32.148689 #6676]  INFO -- : New packet PahoMqtt::Packet::Pingresp received.
D, [2020-10-23T19:38:13.970782 #6676] DEBUG -- : Checking if server is still alive...
I, [2020-10-23T19:38:14.153912 #6676]  INFO -- : New packet PahoMqtt::Packet::Pingresp received.
D, [2020-10-23T19:38:55.972001 #6676] DEBUG -- : Checking if server is still alive...
I, [2020-10-23T19:38:56.151641 #6676]  INFO -- : New packet PahoMqtt::Packet::Pingresp received.
D, [2020-10-23T19:39:37.972778 #6676] DEBUG -- : Checking if server is still alive...
I, [2020-10-23T19:39:38.153705 #6676]  INFO -- : New packet PahoMqtt::Packet::Pingresp received.
D, [2020-10-23T19:40:19.975326 #6676] DEBUG -- : Checking if server is still alive...
I, [2020-10-23T19:40:20.158227 #6676]  INFO -- : New packet PahoMqtt::Packet::Pingresp received.
D, [2020-10-23T19:41:01.977404 #6676] DEBUG -- : Checking if server is still alive...
I, [2020-10-23T19:41:02.165030 #6676]  INFO -- : New packet PahoMqtt::Packet::Pingresp received.
D, [2020-10-23T19:41:43.978661 #6676] DEBUG -- : Checking if server is still alive...
I, [2020-10-23T19:41:44.159398 #6676]  INFO -- : New packet PahoMqtt::Packet::Pingresp received.
D, [2020-10-23T19:42:25.980560 #6676] DEBUG -- : Checking if server is still alive...
I, [2020-10-23T19:42:26.163162 #6676]  INFO -- : New packet PahoMqtt::Packet::Pingresp received.
D, [2020-10-23T19:43:07.986328 #6676] DEBUG -- : Checking if server is still alive...
I, [2020-10-23T19:43:08.170646 #6676]  INFO -- : New packet PahoMqtt::Packet::Pingresp received.
D, [2020-10-23T19:43:49.994126 #6676] DEBUG -- : Checking if server is still alive...
I, [2020-10-23T19:43:50.246689 #6676]  INFO -- : New packet PahoMqtt::Packet::Pingresp received.
D, [2020-10-23T19:44:32.002661 #6676] DEBUG -- : Checking if server is still alive...
I, [2020-10-23T19:44:32.185598 #6676]  INFO -- : New packet PahoMqtt::Packet::Pingresp received.
I, [2020-10-23T19:45:03.988660 #6676]  INFO -- : New packet PahoMqtt::Packet::Publish received.
D, [2020-10-23T19:45:14.011042 #6676] DEBUG -- : Checking if server is still alive...
I, [2020-10-23T19:45:14.191346 #6676]  INFO -- : New packet PahoMqtt::Packet::Pingresp received.
D, [2020-10-23T19:45:56.015310 #6676] DEBUG -- : Checking if server is still alive...
I, [2020-10-23T19:45:56.204310 #6676]  INFO -- : New packet PahoMqtt::Packet::Pingresp received.
D, [2020-10-23T19:46:38.019774 #6676] DEBUG -- : Checking if server is still alive...
I, [2020-10-23T19:46:38.203262 #6676]  INFO -- : New packet PahoMqtt::Packet::Pingresp received.
D, [2020-10-23T19:47:20.022570 #6676] DEBUG -- : Checking if server is still alive...
I, [2020-10-23T19:47:20.206101 #6676]  INFO -- : New packet PahoMqtt::Packet::Pingresp received.
D, [2020-10-23T19:48:02.025659 #6676] DEBUG -- : Checking if server is still alive...
I, [2020-10-23T19:48:02.207004 #6676]  INFO -- : New packet PahoMqtt::Packet::Pingresp received.
D, [2020-10-23T19:48:44.031128 #6676] DEBUG -- : Checking if server is still alive...
D, [2020-10-23T20:33:42.061285 #6883] DEBUG -- : Attempt to connect to host: broker.hivemq.com...
D, [2020-10-23T20:33:43.667807 #6883] DEBUG -- : Connection accepted
D, [2020-10-23T20:33:43.668142 #6883] DEBUG -- : No previous session found by server, starting a new one.
I, [2020-10-23T20:33:43.867232 #6883]  INFO -- : New packet PahoMqtt::Packet::Suback received.
D, [2020-10-23T21:19:00.699371 #7080] DEBUG -- : Attempt to connect to host: broker.hivemq.com...
D, [2020-10-23T21:19:01.113904 #7080] DEBUG -- : Connection accepted
D, [2020-10-23T21:19:01.114253 #7080] DEBUG -- : No previous session found by server, starting a new one.
I, [2020-10-23T21:19:01.294261 #7080]  INFO -- : New packet PahoMqtt::Packet::Suback received.
I, [2020-10-23T21:19:31.079547 #7080]  INFO -- : New packet PahoMqtt::Packet::Publish received.
D, [2020-11-09T16:30:20.247357 #6232] DEBUG -- : Attempt to connect to host: broker.hivemq.com...
D, [2020-11-09T16:30:20.891192 #6232] DEBUG -- : Connection accepted
D, [2020-11-09T16:30:20.891625 #6232] DEBUG -- : No previous session found by server, starting a new one.
I, [2020-11-09T16:30:21.076797 #6232]  INFO -- : New packet PahoMqtt::Packet::Suback received.
D, [2020-11-09T19:11:01.555420 #6632] DEBUG -- : Attempt to connect to host: broker.hivemq.com...
D, [2020-11-09T19:11:01.974515 #6632] DEBUG -- : Connection accepted
D, [2020-11-09T19:11:01.974920 #6632] DEBUG -- : No previous session found by server, starting a new one.
D, [2020-11-09T19:11:13.870029 #6634] DEBUG -- : Attempt to connect to host: broker.hivemq.com...
D, [2020-11-09T19:11:14.238064 #6634] DEBUG -- : Connection accepted
D, [2020-11-09T19:11:14.238628 #6634] DEBUG -- : No previous session found by server, starting a new one.
D, [2020-11-09T19:11:42.873091 #6637] DEBUG -- : Attempt to connect to host: broker.hivemq.com...
D, [2020-11-09T19:11:43.315027 #6637] DEBUG -- : Connection accepted
D, [2020-11-09T19:11:43.315558 #6637] DEBUG -- : No previous session found by server, starting a new one.
I, [2020-11-09T19:11:43.495047 #6637]  INFO -- : New packet PahoMqtt::Packet::Suback received.
I, [2020-11-09T19:11:50.503721 #6637]  INFO -- : New packet PahoMqtt::Packet::Publish received.
I, [2020-11-09T19:11:56.456570 #6637]  INFO -- : New packet PahoMqtt::Packet::Publish received.
I, [2020-11-09T19:12:04.704861 #6637]  INFO -- : New packet PahoMqtt::Packet::Publish received.
D, [2020-11-10T09:22:16.369162 #5804] DEBUG -- : Attempt to connect to host: broker.hivemq.com...
D, [2020-11-10T09:22:17.378883 #5804] DEBUG -- : Connection accepted
D, [2020-11-10T09:22:17.379297 #5804] DEBUG -- : No previous session found by server, starting a new one.
I, [2020-11-10T09:22:17.568890 #5804]  INFO -- : New packet PahoMqtt::Packet::Suback received.
D, [2020-11-10T09:51:07.424430 #5904] DEBUG -- : Attempt to connect to host: broker.hivemq.com...
D, [2020-11-10T09:51:07.866078 #5904] DEBUG -- : Connection accepted
D, [2020-11-10T09:51:07.866627 #5904] DEBUG -- : No previous session found by server, starting a new one.
I, [2020-11-10T09:51:08.051850 #5904]  INFO -- : New packet PahoMqtt::Packet::Suback received.
